[6500:31856:0516/002209.500:INFO:components\enterprise\browser\controller\chrome_browser_cloud_management_controller.cc:202] No machine level policy manager exists.
[6500:31856:0516/002211.437:INFO:CONSOLE:1] "%s [33m%s [0.024] [SW] init", source: https://web.telegram.org/k/sw-OPgcUoz0.js (1)
[6500:31856:0516/002211.439:INFO:CONSOLE:1] "%s [33m%s [0.027] [SW] got 0 windows from the start", source: https://web.telegram.org/k/sw-OPgcUoz0.js (1)
[24856:23532:0516/002211.486:ERROR:gpu\command_buffer\service\gles2_cmd_decoder_passthrough.cc:1092] [GroupMarkerNotSet(crbug.com/242999)!:A0602A003C690000]Automatic fallback to software WebGL has been deprecated. Please use the --enable-unsafe-swiftshader flag to opt in to lower security guarantees for trusted content.
[6500:31856:0516/002211.548:INFO:CONSOLE:0] "[GroupMarkerNotSet(crbug.com/242999)!:A0602A003C690000]Automatic fallback to software WebGL has been deprecated. Please use the --enable-unsafe-swiftshader flag to opt in to lower security guarantees for trusted content.", source: https://web.telegram.org/k/#@archi_ru (0)
[6500:31856:0516/002211.550:INFO:CONSOLE:1] "%s [33m%s [0.138] [SW] window connected 1d09e004-ecd7-44df-8a41-5279de983752 windows before 0", source: https://web.telegram.org/k/sw-OPgcUoz0.js (1)
[6500:31856:0516/002211.550:INFO:CONSOLE:1] "%s [33m%s [0.138] [SW] windows ", source: https://web.telegram.org/k/sw-OPgcUoz0.js (1)
[6500:31856:0516/002211.550:INFO:CONSOLE:1] "%s [33m%s [0.138] [SW] sending message port for mtproto", source: https://web.telegram.org/k/sw-OPgcUoz0.js (1)
[6500:31856:0516/002211.551:INFO:CONSOLE:21] "Supported image mime types [object Set]", source: https://web.telegram.org/k/index-D_EGaVbS.js (21)
[6500:31856:0516/002211.676:INFO:CONSOLE:21] "Elapsed time since unlocked: 13.001953125 ms allStates loaded", source: https://web.telegram.org/k/index-D_EGaVbS.js (21)
[6500:31856:0516/002211.677:INFO:CONSOLE:21] "Elapsed time since unlocked: 14.39697265625 ms singleInstance started", source: https://web.telegram.org/k/index-D_EGaVbS.js (21)
[6500:31856:0516/002211.682:INFO:CONSOLE:21] "Elapsed time since unlocked: 20.116943359375 ms sent all states (1)", source: https://web.telegram.org/k/index-D_EGaVbS.js (21)
[6500:31856:0516/002211.697:INFO:CONSOLE:21] "Elapsed time since unlocked: 34.762939453125 ms await I18n.getCacheLangPack()", source: https://web.telegram.org/k/index-D_EGaVbS.js (21)
[6500:31856:0516/002211.895:INFO:CONSOLE:21] "Elapsed time since unlocked: 231.72998046875 ms sent all states (2)", source: https://web.telegram.org/k/index-D_EGaVbS.js (21)
[6500:31856:0516/002211.921:INFO:CONSOLE:21] "got state, time: 373.69999999552965", source: https://web.telegram.org/k/index-D_EGaVbS.js (21)
[6500:31856:0516/002211.921:INFO:CONSOLE:21] "Elapsed time since unlocked: 257.911865234375 ms IMAGE_MIME_TYPES_SUPPORTED_PROMISE", source: https://web.telegram.org/k/index-D_EGaVbS.js (21)
[6500:31856:0516/002211.921:INFO:CONSOLE:21] "Will mount IM page: 1747344131.921", source: https://web.telegram.org/k/index-D_EGaVbS.js (21)
[6500:31856:0516/002212.306:INFO:CONSOLE:0] "Notifications permission has been blocked as the user has dismissed the permission prompt several times. This can be reset in Page Info which can be accessed by clicking the tune icon next to the URL. See https://www.chromestatus.com/feature/6443143280984064 for more information.", source: https://web.telegram.org/k/#@archi_ru (0)
[6500:31856:0516/002213.669:INFO:CONSOLE:30] "loadPromises are still pending? [object Object]", source: https://web.telegram.org/k/appDialogsManager-B7M3PQZv.js (30)
[6500:31856:0516/002213.669:INFO:CONSOLE:30] "loadPromises are still pending? [object Object]", source: https://web.telegram.org/k/appDialogsManager-B7M3PQZv.js (30)
[6500:31856:0516/002213.669:INFO:CONSOLE:30] "loadPromises are still pending? [object Object]", source: https://web.telegram.org/k/appDialogsManager-B7M3PQZv.js (30)
[6500:31856:0516/002213.669:INFO:CONSOLE:30] "loadPromises are still pending? [object Object]", source: https://web.telegram.org/k/appDialogsManager-B7M3PQZv.js (30)
[6500:31856:0516/002213.669:INFO:CONSOLE:30] "loadPromises are still pending? [object Object]", source: https://web.telegram.org/k/appDialogsManager-B7M3PQZv.js (30)
[6500:31856:0516/002213.669:INFO:CONSOLE:30] "loadPromises are still pending? [object Object]", source: https://web.telegram.org/k/appDialogsManager-B7M3PQZv.js (30)
[6500:31856:0516/002213.669:INFO:CONSOLE:30] "loadPromises are still pending? [object Object]", source: https://web.telegram.org/k/appDialogsManager-B7M3PQZv.js (30)
[6500:31856:0516/002213.670:INFO:CONSOLE:30] "loadPromises are still pending? [object Object]", source: https://web.telegram.org/k/appDialogsManager-B7M3PQZv.js (30)
[6500:31856:0516/002213.670:INFO:CONSOLE:30] "loadPromises are still pending? [object Object]", source: https://web.telegram.org/k/appDialogsManager-B7M3PQZv.js (30)
[6500:31856:0516/002213.670:INFO:CONSOLE:30] "loadPromises are still pending? [object Object]", source: https://web.telegram.org/k/appDialogsManager-B7M3PQZv.js (30)
[6500:31856:0516/002213.670:INFO:CONSOLE:30] "loadPromises are still pending? [object Object]", source: https://web.telegram.org/k/appDialogsManager-B7M3PQZv.js (30)
[6500:31856:0516/002238.102:WARNING:chrome\browser\ui\sad_tab.cc:257] Tab Killed: https://web.telegram.org/
[6500:31856:0516/002248.157:ERROR:content\browser\network_service_instance_impl.cc:586] Network service crashed, restarting service.
[6500:31856:0516/002253.173:ERROR:content\browser\gpu\gpu_process_host.cc:956] GPU process exited unexpectedly: exit_code=-1073741510
[6500:31856:0516/002253.173:WARNING:content\browser\gpu\gpu_process_host.cc:1397] The GPU process has crashed 1 time(s)
